{
  "0 debug pnpm:scope": {
    "selected": 1
  },
  "1 debug pnpm:package-manifest": {
    "initial": {},
    "prefix": "/home/ellie/.config/nvim/lua/user"
  },
  "2 debug pnpm:context": {
    "currentLockfileExists": false,
    "storeDir": "/home/ellie/.local/share/pnpm/store/v3",
    "virtualStoreDir": "/home/ellie/.config/nvim/lua/user/node_modules/.pnpm"
  },
  "3 debug pnpm:stage": {
    "prefix": "/home/ellie/.config/nvim/lua/user",
    "stage": "resolution_started"
  },
  "4 debug pnpm:update-check": {
    "currentVersion": "7.2.1",
    "latestVersion": "7.3.0"
  },
  "5 error pnpm": {
    "code": "ERR_PNPM_FETCH_404",
    "hint": "node-17 is not in the npm registry, or you have no permission to fetch it.\n\nNo authorization header was set for the request.",
    "request": {
      "url": "https://registry.npmjs.org/node-17"
    },
    "response": {
      "size": 0
    },
    "pkgName": "node-17",
    "spec": {
      "fetchSpec": "latest",
      "name": "node-17",
      "type": "tag"
    },
    "pkgsStack": [],
    "err": {
      "name": "pnpm",
      "message": "GET https://registry.npmjs.org/node-17: Not Found - 404",
      "code": "ERR_PNPM_FETCH_404",
      "stack": "pnpm: GET https://registry.npmjs.org/node-17: Not Found - 404\n    at RetryOperation._fn (/snapshot/dist/pnpm.cjs)\n    at processTicksAndRejections (internal/process/task_queues.js:95:5)"
    }
  }
}